<?xml version="1.0" encoding="UTF-8"?>
<testsuite xmlns:xsi="http://www.w3.org/2001/XMLSchema-instance" xsi:noNamespaceSchemaLocation="https://maven.apache.org/surefire/maven-surefire-plugin/xsd/surefire-test-report.xsd" name="io.javabrains.MathsUtilsTest" time="0.033" tests="2" errors="0" skipped="0" failures="1">
  <properties>
[...]
</properties>
  <testcase name="testComputeCircleArea" classname="io.javabrains.MathsUtilsTest" time="0.025">
    <failure message="Should return right circle area ==&gt; expected: &lt;314.0&gt; but was: &lt;1519.0&gt;" type="org.opentest4j.AssertionFailedError"><![CDATA[org.opentest4j.AssertionFailedError: Should return right circle area ==> expected: <314.0> but was: <1519.0>
	at io.javabrains.MathsUtilsTest.testComputeCircleArea(MathsUtilsTest.java:23)
]]></failure>
  </testcase>
  <testcase name="test" classname="io.javabrains.MathsUtilsTest" time="0"/>
</testsuite>